TN:
SF:libs/cdk/src/lib/model.ts
FN:12,(anonymous_0)
FNF:1
FNH:1
FNDA:1,(anonymous_0)
DA:12,1
DA:13,1
DA:14,1
DA:15,1
DA:16,1
LF:5
LH:5
BRDA:12,0,0,1
BRDA:12,0,1,1
BRF:2
BRH:2
end_of_record
TN:
SF:libs/cdk/src/lib/render-strategies/concurrent-strategies.ts
FN:20,(anonymous_0)
FN:21,(anonymous_1)
FN:22,(anonymous_2)
FN:29,(anonymous_3)
FN:30,(anonymous_4)
FN:31,(anonymous_5)
FN:43,(anonymous_6)
FN:44,(anonymous_7)
FN:45,(anonymous_8)
FN:57,(anonymous_9)
FN:58,(anonymous_10)
FN:59,(anonymous_11)
FN:66,(anonymous_12)
FN:67,(anonymous_13)
FN:68,(anonymous_14)
FN:75,(anonymous_15)
FN:76,(anonymous_16)
FN:77,(anonymous_17)
FN:82,scheduleOnQueue
FN:90,(anonymous_19)
FN:92,(anonymous_20)
FN:93,(anonymous_21)
FN:96,(anonymous_22)
FN:102,(anonymous_23)
FNF:24
FNH:0
FNDA:0,(anonymous_0)
FNDA:0,(anonymous_1)
FNDA:0,(anonymous_2)
FNDA:0,(anonymous_3)
FNDA:0,(anonymous_4)
FNDA:0,(anonymous_5)
FNDA:0,(anonymous_6)
FNDA:0,(anonymous_7)
FNDA:0,(anonymous_8)
FNDA:0,(anonymous_9)
FNDA:0,(anonymous_10)
FNDA:0,(anonymous_11)
FNDA:0,(anonymous_12)
FNDA:0,(anonymous_13)
FNDA:0,(anonymous_14)
FNDA:0,(anonymous_15)
FNDA:0,(anonymous_16)
FNDA:0,(anonymous_17)
FNDA:0,scheduleOnQueue
FNDA:0,(anonymous_19)
FNDA:0,(anonymous_20)
FNDA:0,(anonymous_21)
FNDA:0,(anonymous_22)
FNDA:0,(anonymous_23)
DA:2,1
DA:3,1
DA:4,1
DA:11,1
DA:12,1
DA:13,1
DA:14,1
DA:15,1
DA:16,1
DA:18,1
DA:20,0
DA:22,0
DA:23,0
DA:27,1
DA:29,0
DA:31,0
DA:32,0
DA:41,1
DA:43,0
DA:45,0
DA:46,0
DA:55,1
DA:57,0
DA:59,0
DA:60,0
DA:64,1
DA:66,0
DA:68,0
DA:69,0
DA:73,1
DA:75,0
DA:77,0
DA:78,0
DA:90,0
DA:91,0
DA:93,0
DA:94,0
DA:97,0
DA:98,0
DA:102,0
DA:103,0
DA:118,1
LF:42
LH:16
BRF:0
BRH:0
end_of_record
TN:
SF:libs/cdk/src/lib/render-strategies/default-strategies.ts
FN:8,(anonymous_0)
FN:9,(anonymous_1)
FN:10,(anonymous_2)
FN:14,(anonymous_3)
FN:21,(anonymous_4)
FN:24,(anonymous_5)
FN:24,(anonymous_6)
FN:27,(anonymous_7)
FN:33,(anonymous_8)
FN:34,(anonymous_9)
FN:34,(anonymous_10)
FN:34,(anonymous_11)
FN:39,(anonymous_12)
FN:40,(anonymous_13)
FN:40,(anonymous_14)
FN:45,(anonymous_15)
FN:46,(anonymous_16)
FN:46,(anonymous_17)
FN:46,(anonymous_18)
FNF:19
FNH:0
FNDA:0,(anonymous_0)
FNDA:0,(anonymous_1)
FNDA:0,(anonymous_2)
FNDA:0,(anonymous_3)
FNDA:0,(anonymous_4)
FNDA:0,(anonymous_5)
FNDA:0,(anonymous_6)
FNDA:0,(anonymous_7)
FNDA:0,(anonymous_8)
FNDA:0,(anonymous_9)
FNDA:0,(anonymous_10)
FNDA:0,(anonymous_11)
FNDA:0,(anonymous_12)
FNDA:0,(anonymous_13)
FNDA:0,(anonymous_14)
FNDA:0,(anonymous_15)
FNDA:0,(anonymous_16)
FNDA:0,(anonymous_17)
FNDA:0,(anonymous_18)
DA:1,1
DA:2,1
DA:4,1
DA:5,1
DA:6,1
DA:8,1
DA:9,0
DA:10,0
DA:11,0
DA:12,0
DA:14,0
DA:15,0
DA:19,1
DA:22,0
DA:24,0
DA:25,0
DA:27,0
DA:31,1
DA:33,0
DA:34,0
DA:37,1
DA:39,0
DA:40,0
DA:43,1
DA:45,0
DA:46,0
DA:51,1
LF:27
LH:11
BRF:0
BRH:0
end_of_record
TN:
SF:libs/cdk/src/lib/render-strategies/strategy-provider.service.ts
FN:55,(anonymous_0)
FN:51,(anonymous_1)
FN:51,(anonymous_2)
FN:65,(anonymous_3)
FN:29,(anonymous_4)
FN:33,(anonymous_5)
FN:34,(anonymous_6)
FN:37,(anonymous_7)
FN:41,(anonymous_8)
FN:76,(anonymous_9)
FN:83,(anonymous_10)
FN:85,(anonymous_11)
FN:89,(anonymous_12)
FN:98,(anonymous_13)
FN:109,(anonymous_14)
FN:113,(anonymous_15)
FN:116,(anonymous_16)
FN:129,(anonymous_17)
FN:143,getWork
FN:149,(anonymous_19)
FN:149,(anonymous_20)
FNF:21
FNH:0
FNDA:0,(anonymous_0)
FNDA:0,(anonymous_1)
FNDA:0,(anonymous_2)
FNDA:0,(anonymous_3)
FNDA:0,(anonymous_4)
FNDA:0,(anonymous_5)
FNDA:0,(anonymous_6)
FNDA:0,(anonymous_7)
FNDA:0,(anonymous_8)
FNDA:0,(anonymous_9)
FNDA:0,(anonymous_10)
FNDA:0,(anonymous_11)
FNDA:0,(anonymous_12)
FNDA:0,(anonymous_13)
FNDA:0,(anonymous_14)
FNDA:0,(anonymous_15)
FNDA:0,(anonymous_16)
FNDA:0,(anonymous_17)
FNDA:0,getWork
FNDA:0,(anonymous_19)
FNDA:0,(anonymous_20)
DA:1,1
DA:8,1
DA:14,1
DA:16,1
DA:17,1
DA:19,1
DA:20,1
DA:23,1
DA:24,0
DA:25,0
DA:30,0
DA:34,0
DA:38,0
DA:42,0
DA:47,0
DA:48,0
DA:50,0
DA:51,0
DA:62,0
DA:65,0
DA:72,0
DA:73,0
DA:80,0
DA:81,0
DA:82,0
DA:83,0
DA:84,0
DA:86,0
DA:90,0
DA:102,0
DA:103,0
DA:104,0
DA:106,0
DA:110,0
DA:113,0
DA:123,0
DA:124,0
DA:125,0
DA:126,0
DA:130,0
DA:131,0
DA:132,0
DA:139,0
DA:147,0
DA:148,0
DA:149,0
DA:151,0
LF:47
LH:8
BRDA:64,0,0,0
BRDA:64,0,1,0
BRDA:80,1,0,0
BRDA:80,1,1,0
BRDA:80,2,0,0
BRDA:80,2,1,0
BRDA:80,3,0,0
BRDA:80,3,1,0
BRDA:81,4,0,0
BRDA:81,4,1,0
BRDA:81,5,0,0
BRDA:81,5,1,0
BRDA:81,6,0,0
BRDA:81,6,1,0
BRDA:82,7,0,0
BRDA:82,7,1,0
BRDA:82,8,0,0
BRDA:82,8,1,0
BRDA:102,9,0,0
BRDA:102,9,1,0
BRDA:102,10,0,0
BRDA:102,10,1,0
BRDA:102,11,0,0
BRDA:102,11,1,0
BRDA:103,12,0,0
BRDA:103,12,1,0
BRDA:103,13,0,0
BRDA:103,13,1,0
BRDA:103,14,0,0
BRDA:103,14,1,0
BRDA:104,15,0,0
BRDA:104,15,1,0
BRDA:104,16,0,0
BRDA:104,16,1,0
BRDA:123,17,0,0
BRDA:123,17,1,0
BRDA:123,18,0,0
BRDA:123,18,1,0
BRDA:123,19,0,0
BRDA:123,19,1,0
BRDA:124,20,0,0
BRDA:124,20,1,0
BRDA:124,21,0,0
BRDA:124,21,1,0
BRDA:124,22,0,0
BRDA:124,22,1,0
BRDA:125,23,0,0
BRDA:125,23,1,0
BRDA:125,24,0,0
BRDA:125,24,1,0
BRDA:125,25,0,0
BRDA:125,25,1,0
BRDA:131,26,0,0
BRDA:131,26,1,0
BRDA:131,27,0,0
BRDA:131,27,1,0
BRDA:131,28,0,0
BRDA:131,28,1,0
BRDA:148,29,0,0
BRDA:148,29,1,0
BRF:60
BRH:0
end_of_record
TN:
SF:libs/cdk/src/lib/render-strategies/tokens/custom-strategies-token.ts
FNF:0
FNH:0
DA:1,1
DA:4,1
LF:2
LH:2
BRF:0
BRH:0
end_of_record
TN:
SF:libs/cdk/src/lib/render-strategies/tokens/default-primary-strategy-token.ts
FNF:0
FNH:0
DA:1,1
DA:3,1
LF:2
LH:2
BRF:0
BRH:0
end_of_record
TN:
SF:libs/cdk/src/lib/template-management/list-template-manager.ts
FN:45,createListTemplateManager
FN:90,(anonymous_1)
FN:93,(anonymous_2)
FN:98,render
FN:100,(anonymous_4)
FN:103,(anonymous_5)
FN:119,(anonymous_6)
FN:141,(anonymous_7)
FN:147,(anonymous_8)
FN:161,getObservablesFromChangesArray
FN:167,(anonymous_10)
FN:171,(anonymous_11)
FNF:12
FNH:0
FNDA:0,createListTemplateManager
FNDA:0,(anonymous_1)
FNDA:0,(anonymous_2)
FNDA:0,render
FNDA:0,(anonymous_4)
FNDA:0,(anonymous_5)
FNDA:0,(anonymous_6)
FNDA:0,(anonymous_7)
FNDA:0,(anonymous_8)
FNDA:0,getObservablesFromChangesArray
FNDA:0,(anonymous_10)
FNDA:0,(anonymous_11)
DA:9,1
DA:10,1
DA:23,1
DA:31,1
DA:32,1
DA:37,1
DA:45,1
DA:60,0
DA:68,0
DA:69,0
DA:70,0
DA:72,0
DA:78,0
DA:83,0
DA:85,0
DA:87,0
DA:89,0
DA:91,0
DA:94,0
DA:99,0
DA:100,0
DA:101,0
DA:104,0
DA:105,0
DA:106,0
DA:107,0
DA:108,0
DA:110,0
DA:112,0
DA:120,0
DA:121,0
DA:123,0
DA:124,0
DA:125,0
DA:126,0
DA:131,0
DA:133,0
DA:134,0
DA:136,0
DA:141,0
DA:147,0
DA:166,0
DA:168,0
DA:172,0
DA:173,0
DA:174,0
DA:176,0
DA:177,0
DA:179,0
DA:185,0
DA:187,0
DA:188,0
DA:190,0
DA:191,0
DA:193,0
DA:194,0
LF:56
LH:7
BRDA:73,0,0,0
BRDA:73,0,1,0
BRDA:104,1,0,0
BRDA:104,1,1,0
BRDA:114,2,0,0
BRDA:114,2,1,0
BRDA:114,3,0,0
BRDA:114,3,1,0
BRDA:120,4,0,0
BRDA:120,4,1,0
BRDA:133,5,0,0
BRDA:133,5,1,0
BRDA:139,6,0,0
BRDA:139,6,1,0
BRDA:167,7,0,0
BRDA:167,7,1,0
BRDA:175,8,0,0
BRDA:175,8,1,0
BRDA:175,8,2,0
BRDA:175,8,3,0
BRDA:175,8,4,0
BRF:21
BRH:0
end_of_record
TN:
SF:libs/cdk/src/lib/template-management/list-view-context.ts
FN:17,(anonymous_0)
FN:18,(anonymous_1)
FN:19,(anonymous_2)
FN:106,(anonymous_3)
FN:121,(anonymous_4)
FN:37,(anonymous_5)
FN:42,(anonymous_6)
FN:46,(anonymous_7)
FN:50,(anonymous_8)
FN:54,(anonymous_9)
FN:58,(anonymous_10)
FN:62,(anonymous_11)
FN:66,(anonymous_12)
FN:70,(anonymous_13)
FN:74,(anonymous_14)
FN:78,(anonymous_15)
FN:82,(anonymous_16)
FN:86,(anonymous_17)
FN:90,(anonymous_18)
FN:94,(anonymous_19)
FN:98,(anonymous_20)
FN:102,(anonymous_21)
FN:103,(anonymous_22)
FN:114,(anonymous_23)
FNF:24
FNH:0
FNDA:0,(anonymous_0)
FNDA:0,(anonymous_1)
FNDA:0,(anonymous_2)
FNDA:0,(anonymous_3)
FNDA:0,(anonymous_4)
FNDA:0,(anonymous_5)
FNDA:0,(anonymous_6)
FNDA:0,(anonymous_7)
FNDA:0,(anonymous_8)
FNDA:0,(anonymous_9)
FNDA:0,(anonymous_10)
FNDA:0,(anonymous_11)
FNDA:0,(anonymous_12)
FNDA:0,(anonymous_13)
FNDA:0,(anonymous_14)
FNDA:0,(anonymous_15)
FNDA:0,(anonymous_16)
FNDA:0,(anonymous_17)
FNDA:0,(anonymous_18)
FNDA:0,(anonymous_19)
FNDA:0,(anonymous_20)
FNDA:0,(anonymous_21)
FNDA:0,(anonymous_22)
FNDA:0,(anonymous_23)
DA:2,1
DA:3,1
DA:17,1
DA:18,1
DA:19,1
DA:21,1
DA:26,0
DA:27,0
DA:32,0
DA:38,0
DA:39,0
DA:43,0
DA:47,0
DA:51,0
DA:55,0
DA:59,0
DA:63,0
DA:67,0
DA:71,0
DA:75,0
DA:79,0
DA:83,0
DA:87,0
DA:91,0
DA:95,0
DA:99,0
DA:103,0
DA:106,0
DA:108,0
DA:109,0
DA:110,0
DA:115,0
DA:121,0
DA:122,0
LF:34
LH:6
BRDA:109,0,0,0
BRDA:109,0,1,0
BRF:2
BRH:0
end_of_record
TN:
SF:libs/cdk/src/lib/template-management/list-view-handler.ts
FN:18,getTemplateHandler
FN:41,updateUnchangedContext
FN:50,moveView
FN:65,updateView
FN:74,removeView
FN:78,insertView
FN:119,getListChanges
FN:126,(anonymous_7)
FN:145,(anonymous_8)
FN:150,(anonymous_9)
FN:159,getMoveChange
FN:170,getUpdateChange
FN:177,getUnchangedChange
FN:181,getInsertChange
FN:191,getRemoveChange
FNF:15
FNH:0
FNDA:0,getTemplateHandler
FNDA:0,updateUnchangedContext
FNDA:0,moveView
FNDA:0,updateView
FNDA:0,removeView
FNDA:0,insertView
FNDA:0,getListChanges
FNDA:0,(anonymous_7)
FNDA:0,(anonymous_8)
FNDA:0,(anonymous_9)
FNDA:0,getMoveChange
FNDA:0,getUpdateChange
FNDA:0,getUnchangedChange
FNDA:0,getInsertChange
FNDA:0,getRemoveChange
DA:9,1
DA:18,1
DA:27,0
DA:28,0
DA:30,0
DA:42,0
DA:43,0
DA:47,0
DA:56,0
DA:57,0
DA:58,0
DA:62,0
DA:66,0
DA:67,0
DA:71,0
DA:75,0
DA:79,0
DA:87,0
DA:123,0
DA:124,0
DA:125,0
DA:126,0
DA:127,0
DA:128,0
DA:130,0
DA:131,0
DA:132,0
DA:133,0
DA:135,0
DA:136,0
DA:137,0
DA:138,0
DA:140,0
DA:141,0
DA:142,0
DA:145,0
DA:146,0
DA:147,0
DA:148,0
DA:150,0
DA:151,0
DA:152,0
DA:155,0
DA:164,0
DA:174,0
DA:178,0
DA:185,0
DA:195,0
LF:48
LH:2
BRDA:128,0,0,0
BRDA:128,0,1,0
BRDA:133,1,0,0
BRDA:133,1,1,0
BRDA:138,2,0,0
BRDA:138,2,1,0
BRDA:151,3,0,0
BRDA:151,3,1,0
BRDA:187,4,0,0
BRDA:187,4,1,0
BRDA:197,5,0,0
BRDA:197,5,1,0
BRF:12
BRH:0
end_of_record
TN:
SF:libs/cdk/src/lib/template-management/model.ts
FN:15,(anonymous_0)
FNF:1
FNH:1
FNDA:1,(anonymous_0)
DA:15,1
DA:16,1
DA:17,1
DA:18,1
LF:4
LH:4
BRDA:15,0,0,1
BRDA:15,0,1,1
BRF:2
BRH:2
end_of_record
TN:
SF:libs/cdk/src/lib/template-management/template-manager.ts
FN:58,notificationKindToViewContext
FN:63,(anonymous_1)
FN:72,(anonymous_2)
FN:81,(anonymous_3)
FN:88,(anonymous_4)
FN:102,createTemplateManager
FN:148,(anonymous_6)
FN:157,(anonymous_7)
FN:172,(anonymous_8)
FN:184,(anonymous_9)
FN:207,(anonymous_10)
FN:209,(anonymous_11)
FN:212,(anonymous_12)
FNF:13
FNH:0
FNDA:0,notificationKindToViewContext
FNDA:0,(anonymous_1)
FNDA:0,(anonymous_2)
FNDA:0,(anonymous_3)
FNDA:0,(anonymous_4)
FNDA:0,createTemplateManager
FNDA:0,(anonymous_6)
FNDA:0,(anonymous_7)
FNDA:0,(anonymous_8)
FNDA:0,(anonymous_9)
FNDA:0,(anonymous_10)
FNDA:0,(anonymous_11)
FNDA:0,(anonymous_12)
DA:2,1
DA:3,1
DA:18,1
DA:31,1
DA:32,1
DA:33,1
DA:34,1
DA:35,1
DA:58,1
DA:62,0
DA:64,0
DA:73,0
DA:82,0
DA:89,0
DA:102,1
DA:116,0
DA:124,0
DA:126,0
DA:132,0
DA:133,0
DA:137,0
DA:139,0
DA:140,0
DA:144,0
DA:149,0
DA:158,0
DA:159,0
DA:160,0
DA:165,0
DA:166,0
DA:167,0
DA:168,0
DA:173,0
DA:174,0
DA:175,0
DA:177,0
DA:178,0
DA:181,0
DA:182,0
DA:183,0
DA:184,0
DA:185,0
DA:187,0
DA:189,0
DA:207,0
DA:209,0
DA:213,0
DA:214,0
LF:48
LH:10
BRDA:67,0,0,0
BRDA:67,0,1,0
BRDA:127,1,0,0
BRDA:127,1,1,0
BRDA:153,2,0,0
BRDA:153,2,1,0
BRDA:167,3,0,0
BRDA:167,3,1,0
BRDA:173,4,0,0
BRDA:173,4,1,0
BRDA:174,5,0,0
BRDA:174,5,1,0
BRDA:177,6,0,0
BRDA:177,6,1,0
BRDA:181,7,0,0
BRDA:181,7,1,0
BRF:16
BRH:0
end_of_record
TN:
SF:libs/cdk/src/lib/template-management/utils.ts
FN:49,getTNode
FN:73,extractProjectionParentViewSet
FN:96,extractProjectionViews
FN:112,renderProjectionParents
FN:117,(anonymous_4)
FN:120,(anonymous_5)
FN:128,(anonymous_6)
FN:139,(anonymous_7)
FN:161,getEmbeddedViewCreator
FN:169,(anonymous_9)
FN:172,(anonymous_10)
FN:173,(anonymous_11)
FN:187,templateHandling
FN:198,(anonymous_13)
FN:202,(anonymous_14)
FN:213,(anonymous_15)
FN:218,assertTemplate
FN:245,notifyAllParentsIfNeeded
FN:251,(anonymous_18)
FN:254,(anonymous_19)
FN:269,(anonymous_20)
FN:290,notifyInjectingParentIfNeeded
FN:301,(anonymous_22)
FN:320,getVirtualParentNotifications$
FN:336,(anonymous_24)
FNF:25
FNH:0
FNDA:0,getTNode
FNDA:0,extractProjectionParentViewSet
FNDA:0,extractProjectionViews
FNDA:0,renderProjectionParents
FNDA:0,(anonymous_4)
FNDA:0,(anonymous_5)
FNDA:0,(anonymous_6)
FNDA:0,(anonymous_7)
FNDA:0,getEmbeddedViewCreator
FNDA:0,(anonymous_9)
FNDA:0,(anonymous_10)
FNDA:0,(anonymous_11)
FNDA:0,templateHandling
FNDA:0,(anonymous_13)
FNDA:0,(anonymous_14)
FNDA:0,(anonymous_15)
FNDA:0,assertTemplate
FNDA:0,notifyAllParentsIfNeeded
FNDA:0,(anonymous_18)
FNDA:0,(anonymous_19)
FNDA:0,(anonymous_20)
FNDA:0,notifyInjectingParentIfNeeded
FNDA:0,(anonymous_22)
FNDA:0,getVirtualParentNotifications$
FNDA:0,(anonymous_24)
DA:1,1
DA:11,1
DA:20,1
DA:26,1
DA:28,1
DA:33,1
DA:34,1
DA:35,1
DA:36,1
DA:37,1
DA:49,1
DA:50,0
DA:51,0
DA:52,0
DA:54,0
DA:55,0
DA:56,0
DA:57,0
DA:59,0
DA:61,0
DA:73,1
DA:77,0
DA:78,0
DA:79,0
DA:80,0
DA:81,0
DA:82,0
DA:83,0
DA:84,0
DA:88,0
DA:89,0
DA:91,0
DA:93,0
DA:96,1
DA:100,0
DA:112,1
DA:117,0
DA:118,0
DA:121,0
DA:122,0
DA:123,0
DA:124,0
DA:129,0
DA:135,0
DA:139,0
DA:143,0
DA:161,1
DA:169,0
DA:170,0
DA:171,0
DA:172,0
DA:173,0
DA:174,0
DA:177,0
DA:187,1
DA:195,0
DA:196,0
DA:198,0
DA:199,0
DA:201,0
DA:203,0
DA:204,0
DA:205,0
DA:207,0
DA:214,0
DA:222,0
DA:225,0
DA:226,0
DA:230,0
DA:245,1
DA:251,0
DA:252,0
DA:255,0
DA:256,0
DA:257,0
DA:259,0
DA:265,0
DA:269,0
DA:273,0
DA:274,0
DA:276,0
DA:290,1
DA:295,0
DA:303,0
DA:320,1
DA:325,0
DA:329,0
DA:330,0
DA:331,0
DA:338,0
DA:344,0
LF:91
LH:19
BRDA:54,0,0,0
BRDA:54,0,1,0
BRDA:56,1,0,0
BRDA:56,1,1,0
BRDA:56,2,0,0
BRDA:56,2,1,0
BRDA:82,3,0,0
BRDA:82,3,1,0
BRDA:84,4,0,0
BRDA:84,4,1,0
BRDA:140,5,0,0
BRDA:140,5,1,0
BRDA:171,6,0,0
BRDA:171,6,1,0
BRDA:204,7,0,0
BRDA:204,7,1,0
BRDA:223,8,0,0
BRDA:223,8,1,0
BRDA:225,9,0,0
BRDA:225,9,1,0
BRDA:256,10,0,0
BRDA:256,10,1,0
BRDA:270,11,0,0
BRDA:270,11,1,0
BRDA:273,12,0,0
BRDA:273,12,1,0
BRDA:298,13,0,0
BRDA:298,13,1,0
BRF:28
BRH:0
end_of_record
TN:
SF:libs/cdk/src/lib/utils/coalesceWith.ts
FN:53,createPropertiesWeakMap
FN:64,getProperties
FN:75,(anonymous_2)
FN:85,setProperties
FN:87,(anonymous_4)
FN:94,hasKey
FN:102,(anonymous_6)
FN:115,createCoalesceManager
FN:123,removeWork
FN:134,addWork
FN:144,isCoalescing
FN:183,coalesceWith
FN:189,(anonymous_12)
FN:190,(anonymous_13)
FN:200,createInnerObserver
FN:207,(anonymous_15)
FN:217,(anonymous_16)
FN:221,(anonymous_17)
FN:222,(anonymous_18)
FN:228,(anonymous_19)
FN:229,(anonymous_20)
FN:234,(anonymous_21)
FN:240,(anonymous_22)
FNF:23
FNH:2
FNDA:1,createPropertiesWeakMap
FNDA:0,getProperties
FNDA:0,(anonymous_2)
FNDA:0,setProperties
FNDA:0,(anonymous_4)
FNDA:0,hasKey
FNDA:0,(anonymous_6)
FNDA:1,createCoalesceManager
FNDA:0,removeWork
FNDA:0,addWork
FNDA:0,isCoalescing
FNDA:0,coalesceWith
FNDA:0,(anonymous_12)
FNDA:0,(anonymous_13)
FNDA:0,createInnerObserver
FNDA:0,(anonymous_15)
FNDA:0,(anonymous_16)
FNDA:0,(anonymous_17)
FNDA:0,(anonymous_18)
FNDA:0,(anonymous_19)
FNDA:0,(anonymous_20)
FNDA:0,(anonymous_21)
FNDA:0,(anonymous_22)
DA:1,1
DA:21,1
DA:57,1
DA:59,1
DA:65,0
DA:66,0
DA:69,0
DA:70,0
DA:72,0
DA:74,0
DA:76,0
DA:80,0
DA:82,0
DA:86,0
DA:87,0
DA:88,0
DA:90,0
DA:91,0
DA:95,0
DA:99,1
DA:102,0
DA:116,1
DA:125,0
DA:127,0
DA:136,0
DA:138,0
DA:145,0
DA:183,1
DA:187,0
DA:189,0
DA:190,0
DA:191,0
DA:192,0
DA:195,0
DA:198,0
DA:207,0
DA:208,0
DA:210,0
DA:211,0
DA:212,0
DA:216,0
DA:218,0
DA:219,0
DA:221,0
DA:223,0
DA:224,0
DA:226,0
DA:227,0
DA:228,0
DA:230,0
DA:231,0
DA:232,0
DA:235,0
DA:236,0
DA:239,0
DA:241,0
DA:242,0
DA:243,0
DA:244,0
LF:59
LH:7
BRDA:69,0,0,0
BRDA:69,0,1,0
BRDA:76,1,0,0
BRDA:76,1,1,0
BRDA:129,2,0,0
BRDA:129,2,1,0
BRDA:187,3,0,0
BRDA:187,3,1,0
BRDA:208,4,0,0
BRDA:208,4,1,0
BRDA:211,5,0,0
BRDA:211,5,1,0
BRDA:224,6,0,0
BRDA:224,6,1,0
BRDA:242,7,0,0
BRDA:242,7,1,0
BRF:16
BRH:0
end_of_record
TN:
SF:libs/cdk/src/lib/utils/coerceDistinctObservable.ts
FN:21,coerceDistinctObservable
FNF:1
FNH:0
FNDA:0,coerceDistinctObservable
DA:8,1
DA:9,1
DA:21,1
DA:25,0
DA:26,0
LF:5
LH:3
BRDA:25,0,0,0
BRDA:25,0,1,0
BRF:2
BRH:0
end_of_record
TN:
SF:libs/cdk/src/lib/utils/coerceDistinctObservableWith.ts
FN:21,coerceDistinctWith
FN:25,(anonymous_1)
FNF:2
FNH:0
FNDA:0,coerceDistinctWith
FNDA:0,(anonymous_1)
DA:8,1
DA:9,1
DA:21,1
DA:24,0
DA:25,0
DA:26,0
LF:6
LH:3
BRDA:24,0,0,0
BRDA:24,0,1,0
BRF:2
BRH:0
end_of_record
TN:
SF:libs/cdk/src/lib/utils/coerceObservable.ts
FN:8,coerceObservable
FNF:1
FNH:0
FNDA:0,coerceObservable
DA:1,1
DA:8,1
DA:11,0
LF:3
LH:2
BRDA:11,0,0,0
BRDA:11,0,1,0
BRF:2
BRH:0
end_of_record
TN:
SF:libs/cdk/src/lib/utils/coerceObservableWith.ts
FN:9,coerceObservableWith
FN:13,(anonymous_1)
FNF:2
FNH:0
FNDA:0,coerceObservableWith
FNDA:0,(anonymous_1)
DA:2,1
DA:3,1
DA:9,1
DA:13,0
LF:4
LH:3
BRF:0
BRH:0
end_of_record
TN:
SF:libs/cdk/src/lib/utils/hotFlatten.ts
FN:15,hotFlatten
FN:28,(anonymous_1)
FNF:2
FNH:0
FNDA:0,hotFlatten
FNDA:0,(anonymous_1)
DA:1,1
DA:2,1
DA:15,1
DA:22,0
DA:23,0
DA:27,0
DA:29,0
LF:7
LH:3
BRDA:22,0,0,0
BRDA:22,0,1,0
BRF:2
BRH:0
end_of_record
TN:
SF:libs/cdk/src/lib/utils/notification-transforms.ts
FN:8,(anonymous_0)
FN:18,(anonymous_1)
FN:27,(anonymous_2)
FNF:3
FNH:0
FNDA:0,(anonymous_0)
FNDA:0,(anonymous_1)
FNDA:0,(anonymous_2)
DA:1,1
DA:8,1
DA:11,0
DA:18,1
DA:20,0
DA:27,1
DA:29,0
LF:7
LH:4
BRDA:13,0,0,0
BRDA:13,0,1,0
BRDA:14,1,0,0
BRDA:14,1,1,0
BRDA:16,2,0,0
BRDA:16,2,1,0
BRDA:22,3,0,0
BRDA:22,3,1,0
BRDA:31,4,0,0
BRDA:31,4,1,0
BRF:10
BRH:0
end_of_record
TN:
SF:libs/cdk/src/lib/utils/onStrategy.ts
FN:12,onStrategy
FN:20,(anonymous_1)
FNF:2
FNH:0
FNDA:0,onStrategy
FNDA:0,(anonymous_1)
DA:2,1
DA:12,1
DA:18,0
DA:20,0
LF:4
LH:2
BRDA:16,0,0,0
BRDA:21,1,0,0
BRDA:21,1,1,0
BRF:3
BRH:0
end_of_record
TN:
SF:libs/cdk/src/lib/utils/rxMaterialize.ts
FN:10,(anonymous_0)
FN:35,(anonymous_1)
FN:46,(anonymous_2)
FN:54,rxMaterialize
FN:55,(anonymous_4)
FN:58,(anonymous_5)
FNF:6
FNH:0
FNDA:0,(anonymous_0)
FNDA:0,(anonymous_1)
FNDA:0,(anonymous_2)
FNDA:0,rxMaterialize
FNDA:0,(anonymous_4)
FNDA:0,(anonymous_5)
DA:2,1
DA:8,1
DA:10,1
DA:13,0
DA:14,0
DA:15,0
DA:17,0
DA:18,0
DA:21,0
DA:29,1
DA:35,1
DA:38,0
DA:46,1
DA:54,1
DA:55,0
DA:56,0
DA:59,0
DA:60,0
LF:18
LH:7
BRDA:14,0,0,0
BRDA:14,0,1,0
BRDA:17,1,0,0
BRDA:17,1,1,0
BRDA:40,2,0,0
BRDA:40,2,1,0
BRDA:41,3,0,0
BRDA:41,3,1,0
BRDA:43,4,0,0
BRDA:43,4,1,0
BRDA:48,5,0,0
BRDA:48,5,1,0
BRDA:59,6,0,0
BRDA:59,6,1,0
BRF:14
BRH:0
end_of_record
TN:
SF:libs/cdk/src/lib/utils/strategy-handling.ts
FN:15,strategyHandling
FN:23,(anonymous_1)
FN:32,(anonymous_2)
FN:41,nameToStrategyCredentials
FN:45,(anonymous_4)
FN:49,(anonymous_5)
FNF:6
FNH:0
FNDA:0,strategyHandling
FNDA:0,(anonymous_1)
FNDA:0,(anonymous_2)
FNDA:0,nameToStrategyCredentials
FNDA:0,(anonymous_4)
FNDA:0,(anonymous_5)
DA:2,1
DA:3,1
DA:4,1
DA:15,1
DA:22,0
DA:23,0
DA:26,0
DA:33,0
DA:45,0
DA:48,0
DA:50,0
LF:11
LH:4
BRDA:51,0,0,0
BRDA:51,0,1,0
BRDA:50,1,0,0
BRDA:50,1,1,0
BRF:4
BRH:0
end_of_record
TN:
SF:libs/cdk/src/lib/utils/template-trigger-handling.ts
FN:13,templateTriggerHandling
FN:18,(anonymous_1)
FN:22,(anonymous_2)
FNF:3
FNH:0
FNDA:0,templateTriggerHandling
FNDA:0,(anonymous_1)
FNDA:0,(anonymous_2)
DA:1,1
DA:3,1
DA:4,1
DA:13,1
DA:17,0
DA:18,0
DA:21,0
DA:23,0
LF:8
LH:4
BRF:0
BRH:0
end_of_record
TN:
SF:libs/cdk/src/lib/zone-config/event-names.ts
FNF:0
FNH:0
DA:6,1
DA:9,1
DA:12,1
DA:16,1
DA:29,1
DA:35,1
DA:41,1
DA:44,1
DA:50,1
DA:80,1
DA:88,1
DA:96,1
DA:98,1
DA:105,1
LF:14
LH:14
BRF:0
BRH:0
end_of_record
TN:
SF:libs/cdk/src/lib/zone-config/zone-config.ts
FN:67,createZoneFlagsConfigurator
FN:73,(anonymous_1)
FN:79,(anonymous_2)
FN:82,(anonymous_3)
FN:83,(anonymous_4)
FN:92,(anonymous_5)
FN:93,(anonymous_6)
FN:97,(anonymous_7)
FN:98,(anonymous_8)
FN:103,(anonymous_9)
FN:109,(anonymous_10)
FN:110,(anonymous_11)
FN:114,(anonymous_12)
FN:115,(anonymous_13)
FN:120,(anonymous_14)
FN:126,(anonymous_15)
FN:127,(anonymous_16)
FN:136,(anonymous_17)
FN:142,(anonymous_18)
FN:144,(anonymous_19)
FNF:20
FNH:20
FNDA:1,createZoneFlagsConfigurator
FNDA:24,(anonymous_1)
FNDA:7,(anonymous_2)
FNDA:1,(anonymous_3)
FNDA:31,(anonymous_4)
FNDA:21,(anonymous_5)
FNDA:20,(anonymous_6)
FNDA:1,(anonymous_7)
FNDA:1,(anonymous_8)
FNDA:22,(anonymous_9)
FNDA:3,(anonymous_10)
FNDA:3,(anonymous_11)
FNDA:3,(anonymous_12)
FNDA:3,(anonymous_13)
FNDA:6,(anonymous_14)
FNDA:2,(anonymous_15)
FNDA:2,(anonymous_16)
FNDA:2,(anonymous_17)
FNDA:1,(anonymous_18)
FNDA:1,(anonymous_19)
DA:1,1
DA:51,1
DA:52,1
DA:68,1
DA:69,1
DA:73,24
DA:79,7
DA:82,1
DA:83,1
DA:85,31
DA:89,1
DA:92,21
DA:94,20
DA:97,1
DA:99,1
DA:103,22
DA:109,3
DA:111,3
DA:114,3
DA:116,3
DA:120,6
DA:126,2
DA:128,2
DA:136,2
DA:142,1
DA:145,1
DA:192,1
LF:27
LH:27
BRDA:85,0,0,31
BRDA:85,0,1,30
BRDA:93,1,0,20
BRDA:98,2,0,1
BRDA:110,3,0,3
BRDA:115,4,0,3
BRDA:130,5,0,0
BRDA:130,5,1,2
BRDA:144,6,0,1
BRF:9
BRH:8
end_of_record
TN:
SF:libs/cdk/src/lib/zone-config/model/configurations.types.ts
FNF:0
FNH:0
DA:26,1
DA:56,1
DA:66,1
DA:75,1
DA:86,1
DA:99,1
LF:6
LH:6
BRF:0
BRH:0
end_of_record
TN:
SF:libs/cdk/src/lib/zone-less/utils.ts
FN:35,getZoneUnPatchedApi
FNF:1
FNH:1
FNDA:1,getZoneUnPatchedApi
DA:1,1
DA:35,1
DA:36,1
DA:37,1
DA:38,1
LF:5
LH:5
BRDA:36,0,0,1
BRDA:36,0,1,1
BRDA:38,1,0,1
BRDA:38,1,1,0
BRF:4
BRH:3
end_of_record
TN:
SF:libs/cdk/src/lib/zone-less/browser/browser.ts
FN:14,queueMicrotask
FN:36,requestAnimationFrame
FN:61,cancelAnimationFrame
FN:82,setInterval
FN:106,clearInterval
FN:127,setTimeout
FN:149,clearTimeout
FN:157,unpatchAddEventListener
FNF:8
FNH:0
FNDA:0,queueMicrotask
FNDA:0,requestAnimationFrame
FNDA:0,cancelAnimationFrame
FNDA:0,setInterval
FNDA:0,clearInterval
FNDA:0,setTimeout
FNDA:0,clearTimeout
FNDA:0,unpatchAddEventListener
DA:1,1
DA:14,1
DA:15,0
DA:18,1
DA:36,1
DA:37,0
DA:61,1
DA:62,0
DA:82,1
DA:83,0
DA:106,1
DA:107,0
DA:127,1
DA:128,0
DA:149,1
DA:150,0
DA:157,1
DA:158,0
DA:161,0
LF:19
LH:10
BRDA:82,0,0,0
BRDA:127,1,0,0
BRF:2
BRH:0
end_of_record
TN:
SF:libs/cdk/src/lib/zone-less/rxjs/observable/interval.ts
FN:53,interval
FN:65,(anonymous_1)
FN:73,dispatch
FNF:3
FNH:0
FNDA:0,interval
FNDA:0,(anonymous_1)
FNDA:0,dispatch
DA:1,1
DA:2,1
DA:3,1
DA:53,1
DA:57,0
DA:58,0
DA:61,0
DA:62,0
DA:65,0
DA:66,0
DA:69,0
DA:74,0
DA:75,0
DA:76,0
LF:14
LH:4
BRDA:54,0,0,0
BRDA:55,1,0,0
BRDA:57,2,0,0
BRDA:57,2,1,0
BRDA:57,3,0,0
BRDA:57,3,1,0
BRDA:61,4,0,0
BRDA:61,4,1,0
BRDA:61,5,0,0
BRDA:61,5,1,0
BRF:10
BRH:0
end_of_record
TN:
SF:libs/cdk/src/lib/zone-less/rxjs/observable/timer.ts
FN:55,timer
FN:71,(anonymous_1)
FN:90,dispatch
FNF:3
FNH:0
FNDA:0,timer
FNDA:0,(anonymous_1)
FNDA:0,dispatch
DA:1,1
DA:2,1
DA:3,1
DA:55,1
DA:60,0
DA:61,0
DA:62,0
DA:63,0
DA:64,0
DA:67,0
DA:68,0
DA:71,0
DA:72,0
DA:76,0
DA:91,0
DA:92,0
DA:94,0
DA:95,0
DA:96,0
DA:97,0
DA:100,0
DA:101,0
LF:22
LH:4
BRDA:56,0,0,0
BRDA:61,1,0,0
BRDA:61,1,1,0
BRDA:62,2,0,0
BRDA:62,2,1,0
BRDA:62,2,2,0
BRDA:63,3,0,0
BRDA:63,3,1,0
BRDA:67,4,0,0
BRDA:67,4,1,0
BRDA:73,5,0,0
BRDA:73,5,1,0
BRDA:94,6,0,0
BRDA:94,6,1,0
BRDA:96,7,0,0
BRDA:96,7,1,0
BRF:16
BRH:0
end_of_record
TN:
SF:libs/cdk/src/lib/zone-less/rxjs/observable/utils.ts
FN:3,isNumeric
FN:11,isScheduler
FNF:2
FNH:0
FNDA:0,isNumeric
FNDA:0,isScheduler
DA:3,1
DA:8,0
DA:11,1
DA:12,0
LF:4
LH:2
BRDA:8,0,0,0
BRDA:8,0,1,0
BRDA:12,1,0,0
BRDA:12,1,1,0
BRF:4
BRH:0
end_of_record
TN:
SF:libs/cdk/src/lib/zone-less/rxjs/operators/fromEvent.ts
FN:7,(anonymous_0)
FN:9,(anonymous_1)
FN:96,fromEvent
FN:115,(anonymous_3)
FN:121,(anonymous_4)
FN:122,handler
FN:139,setupSubscription
FN:154,(anonymous_7)
FN:163,(anonymous_8)
FN:167,(anonymous_9)
FN:180,isNodeStyleEventEmitter
FN:190,isJQueryStyleEventEmitter
FN:200,isEventTarget
FNF:13
FNH:1
FNDA:0,(anonymous_0)
FNDA:1,(anonymous_1)
FNDA:0,fromEvent
FNDA:0,(anonymous_3)
FNDA:0,(anonymous_4)
FNDA:0,handler
FNDA:0,setupSubscription
FNDA:0,(anonymous_7)
FNDA:0,(anonymous_8)
FNDA:0,(anonymous_9)
FNDA:0,isNodeStyleEventEmitter
FNDA:0,isJQueryStyleEventEmitter
FNDA:0,isEventTarget
DA:2,1
DA:3,1
DA:4,1
DA:7,1
DA:8,1
DA:9,1
DA:96,1
DA:102,0
DA:105,0
DA:106,0
DA:108,0
DA:110,0
DA:116,0
DA:121,0
DA:123,0
DA:124,0
DA:126,0
DA:129,0
DA:147,0
DA:148,0
DA:149,0
DA:154,0
DA:155,0
DA:160,0
DA:161,0
DA:162,0
DA:163,0
DA:164,0
DA:165,0
DA:166,0
DA:167,0
DA:168,0
DA:169,0
DA:170,0
DA:171,0
DA:174,0
DA:177,0
DA:183,0
DA:193,0
DA:203,0
LF:40
LH:7
BRDA:102,0,0,0
BRDA:102,0,1,0
BRDA:108,1,0,0
BRDA:108,1,1,0
BRDA:116,2,0,0
BRDA:116,2,1,0
BRDA:123,3,0,0
BRDA:123,3,1,0
BRDA:147,4,0,0
BRDA:147,4,1,0
BRDA:160,5,0,0
BRDA:160,5,1,0
BRDA:164,6,0,0
BRDA:164,6,1,0
BRDA:169,7,0,0
BRDA:169,7,1,0
BRDA:169,8,0,0
BRDA:169,8,1,0
BRDA:184,9,0,0
BRDA:184,9,1,0
BRDA:184,9,2,0
BRDA:194,10,0,0
BRDA:194,10,1,0
BRDA:194,10,2,0
BRDA:204,11,0,0
BRDA:204,11,1,0
BRDA:204,11,2,0
BRF:27
BRH:0
end_of_record
TN:
SF:libs/cdk/src/lib/zone-less/rxjs/scheduler/Action.ts
FN:21,(anonymous_0)
FN:37,(anonymous_1)
FNF:2
FNH:0
FNDA:0,(anonymous_0)
FNDA:0,(anonymous_1)
DA:2,1
DA:20,1
DA:25,0
DA:38,0
LF:4
LH:2
BRDA:37,0,0,0
BRF:1
BRH:0
end_of_record
TN:
SF:libs/cdk/src/lib/zone-less/rxjs/scheduler/Scheduler.ts
FN:33,(anonymous_0)
FN:67,(anonymous_1)
FN:31,(anonymous_2)
FNF:3
FNH:1
FNDA:4,(anonymous_0)
FNDA:0,(anonymous_1)
FNDA:0,(anonymous_2)
DA:25,1
DA:31,1
DA:34,4
DA:37,4
DA:72,0
LF:5
LH:4
BRDA:35,0,0,0
BRDA:69,1,0,0
BRF:2
BRH:0
end_of_record
TN:
SF:libs/cdk/src/lib/zone-less/rxjs/scheduler/animation-frame/AnimationFrameAction.ts
FN:13,(anonymous_0)
FN:20,(anonymous_1)
FN:37,(anonymous_2)
FN:42,(anonymous_3)
FNF:4
FNH:0
FNDA:0,(anonymous_0)
FNDA:0,(anonymous_1)
FNDA:0,(anonymous_2)
FNDA:0,(anonymous_3)
DA:2,1
DA:5,1
DA:12,1
DA:14,0
DA:15,0
DA:17,0
DA:26,0
DA:27,0
DA:31,0
DA:35,0
DA:38,0
DA:50,0
DA:51,0
DA:56,0
DA:57,0
DA:58,0
DA:61,0
LF:17
LH:3
BRDA:23,0,0,0
BRDA:26,1,0,0
BRDA:26,1,1,0
BRDA:26,2,0,0
BRDA:26,2,1,0
BRDA:36,3,0,0
BRDA:36,3,1,0
BRDA:45,4,0,0
BRDA:50,5,0,0
BRDA:50,5,1,0
BRDA:50,6,0,0
BRDA:50,6,1,0
BRDA:50,6,2,0
BRDA:50,6,3,0
BRDA:56,7,0,0
BRDA:56,7,1,0
BRF:16
BRH:0
end_of_record
TN:
SF:libs/cdk/src/lib/zone-less/rxjs/scheduler/animation-frame/AnimationFrameScheduler.ts
FN:6,(anonymous_0)
FNF:1
FNH:0
FNDA:0,(anonymous_0)
DA:3,1
DA:5,1
DA:7,0
DA:8,0
DA:10,0
DA:12,0
DA:13,0
DA:14,0
DA:16,0
DA:17,0
DA:18,0
DA:22,0
DA:24,0
DA:25,0
DA:26,0
DA:28,0
LF:16
LH:2
BRDA:14,0,0,0
BRDA:14,0,1,0
BRDA:20,1,0,0
BRDA:20,1,1,0
BRDA:17,2,0,0
BRDA:17,2,1,0
BRDA:24,3,0,0
BRDA:24,3,1,0
BRDA:25,4,0,0
BRDA:25,4,1,0
BRF:10
BRH:0
end_of_record
TN:
SF:libs/cdk/src/lib/zone-less/rxjs/scheduler/animation-frame/animationFrame.ts
FNF:0
FNH:0
DA:2,1
DA:3,1
DA:38,1
LF:3
LH:3
BRF:0
BRH:0
end_of_record
TN:
SF:libs/cdk/src/lib/zone-less/rxjs/scheduler/asap/AsapAction.ts
FN:13,(anonymous_0)
FN:20,(anonymous_1)
FN:41,(anonymous_2)
FN:74,findAndClearHandle
FN:86,(anonymous_4)
FN:92,(anonymous_5)
FN:96,(anonymous_6)
FN:105,(anonymous_7)
FNF:8
FNH:0
FNDA:0,(anonymous_0)
FNDA:0,(anonymous_1)
FNDA:0,(anonymous_2)
FNDA:0,findAndClearHandle
FNDA:0,(anonymous_4)
FNDA:0,(anonymous_5)
FNDA:0,(anonymous_6)
FNDA:0,(anonymous_7)
DA:2,1
DA:5,1
DA:12,1
DA:14,0
DA:15,0
DA:17,0
DA:26,0
DA:27,0
DA:30,0
DA:34,0
DA:49,0
DA:50,0
DA:55,0
DA:56,0
DA:57,0
DA:60,0
DA:64,1
DA:67,1
DA:75,0
DA:76,0
DA:77,0
DA:79,0
DA:85,1
DA:87,0
DA:88,0
DA:89,0
DA:90,0
DA:92,0
DA:93,0
DA:97,0
DA:104,1
DA:106,0
LF:32
LH:7
BRDA:23,0,0,0
BRDA:26,1,0,0
BRDA:26,1,1,0
BRDA:26,2,0,0
BRDA:26,2,1,0
BRDA:35,3,0,0
BRDA:35,3,1,0
BRDA:44,4,0,0
BRDA:49,5,0,0
BRDA:49,5,1,0
BRDA:49,6,0,0
BRDA:49,6,1,0
BRDA:49,6,2,0
BRDA:49,6,3,0
BRDA:55,7,0,0
BRDA:55,7,1,0
BRDA:75,8,0,0
BRDA:75,8,1,0
BRDA:89,9,0,0
BRDA:89,9,1,0
BRDA:92,10,0,0
BRDA:92,10,1,0
BRF:22
BRH:0
end_of_record
TN:
SF:libs/cdk/src/lib/zone-less/rxjs/scheduler/asap/AsapScheduler.ts
FN:6,(anonymous_0)
FNF:1
FNH:0
FNDA:0,(anonymous_0)
DA:3,1
DA:5,1
DA:7,0
DA:8,0
DA:10,0
DA:12,0
DA:13,0
DA:14,0
DA:16,0
DA:17,0
DA:18,0
DA:22,0
DA:24,0
DA:25,0
DA:26,0
DA:28,0
LF:16
LH:2
BRDA:14,0,0,0
BRDA:14,0,1,0
BRDA:20,1,0,0
BRDA:20,1,1,0
BRDA:17,2,0,0
BRDA:17,2,1,0
BRDA:24,3,0,0
BRDA:24,3,1,0
BRDA:25,4,0,0
BRDA:25,4,1,0
BRF:10
BRH:0
end_of_record
TN:
SF:libs/cdk/src/lib/zone-less/rxjs/scheduler/asap/asap.ts
FNF:0
FNH:0
DA:2,1
DA:3,1
DA:41,1
LF:3
LH:3
BRF:0
BRH:0
end_of_record
TN:
SF:libs/cdk/src/lib/zone-less/rxjs/scheduler/async/AsyncAction.ts
FN:20,(anonymous_0)
FN:27,(anonymous_1)
FN:74,(anonymous_2)
FN:82,(anonymous_3)
FN:101,(anonymous_4)
FN:128,(anonymous_5)
FN:144,(anonymous_6)
FNF:7
FNH:0
FNDA:0,(anonymous_0)
FNDA:0,(anonymous_1)
FNDA:0,(anonymous_2)
FNDA:0,(anonymous_3)
FNDA:0,(anonymous_4)
FNDA:0,(anonymous_5)
FNDA:0,(anonymous_6)
DA:3,1
DA:6,1
DA:13,1
DA:18,0
DA:21,0
DA:22,0
DA:24,0
DA:28,0
DA:29,0
DA:33,0
DA:35,0
DA:36,0
DA:59,0
DA:60,0
DA:65,0
DA:67,0
DA:69,0
DA:71,0
DA:79,0
DA:88,0
DA:89,0
DA:93,0
DA:94,0
DA:102,0
DA:103,0
DA:106,0
DA:107,0
DA:108,0
DA:109,0
DA:110,0
DA:124,0
DA:129,0
DA:131,0
DA:132,0
DA:134,0
DA:135,0
DA:137,0
DA:138,0
DA:139,0
DA:145,0
DA:146,0
DA:147,0
DA:149,0
DA:151,0
DA:152,0
DA:153,0
DA:154,0
DA:156,0
DA:157,0
DA:160,0
DA:161,0
DA:164,0
LF:52
LH:3
BRDA:27,0,0,0
BRDA:28,1,0,0
BRDA:28,1,1,0
BRDA:59,2,0,0
BRDA:59,2,1,0
BRDA:69,3,0,0
BRDA:69,3,1,0
BRDA:77,4,0,0
BRDA:85,5,0,0
BRDA:88,6,0,0
BRDA:88,6,1,0
BRDA:88,7,0,0
BRDA:88,7,1,0
BRDA:88,7,2,0
BRDA:102,8,0,0
BRDA:102,8,1,0
BRDA:108,9,0,0
BRDA:108,9,1,0
BRDA:110,10,0,0
BRDA:110,10,1,0
BRDA:110,11,0,0
BRDA:110,11,1,0
BRDA:135,12,0,0
BRDA:135,12,1,0
BRDA:135,12,2,0
BRDA:137,13,0,0
BRDA:137,13,1,0
BRDA:156,14,0,0
BRDA:156,14,1,0
BRDA:160,15,0,0
BRDA:160,15,1,0
BRF:31
BRH:0
end_of_record
TN:
SF:libs/cdk/src/lib/zone-less/rxjs/scheduler/async/AsyncScheduler.ts
FN:27,(anonymous_0)
FN:31,(anonymous_1)
FN:40,(anonymous_2)
FN:52,(anonymous_3)
FNF:4
FNH:1
FNDA:4,(anonymous_0)
FNDA:0,(anonymous_1)
FNDA:0,(anonymous_2)
FNDA:0,(anonymous_3)
DA:4,1
DA:8,1
DA:10,4
DA:17,4
DA:25,4
DA:31,4
DA:32,0
DA:33,0
DA:35,0
DA:45,0
DA:46,0
DA:48,0
DA:53,0
DA:55,0
DA:56,0
DA:57,0
DA:61,0
DA:63,0
DA:64,0
DA:65,0
DA:70,0
DA:72,0
DA:74,0
DA:75,0
DA:77,0
LF:25
LH:6
BRDA:29,0,0,4
BRDA:32,1,0,0
BRDA:32,1,1,0
BRDA:32,2,0,0
BRDA:32,2,1,0
BRDA:42,3,0,0
BRDA:45,4,0,0
BRDA:45,4,1,0
BRDA:45,5,0,0
BRDA:45,5,1,0
BRDA:55,6,0,0
BRDA:55,6,1,0
BRDA:64,7,0,0
BRDA:64,7,1,0
BRDA:72,8,0,0
BRDA:72,8,1,0
BRF:16
BRH:1
end_of_record
TN:
SF:libs/cdk/src/lib/zone-less/rxjs/scheduler/async/async.ts
FNF:0
FNH:0
DA:2,1
DA:3,1
DA:53,1
LF:3
LH:3
BRF:0
BRH:0
end_of_record
TN:
SF:libs/cdk/src/lib/zone-less/rxjs/scheduler/queue/QueueAction.ts
FN:13,(anonymous_0)
FN:20,(anonymous_1)
FN:31,(anonymous_2)
FN:37,(anonymous_3)
FNF:4
FNH:0
FNDA:0,(anonymous_0)
FNDA:0,(anonymous_1)
FNDA:0,(anonymous_2)
FNDA:0,(anonymous_3)
DA:2,1
DA:12,1
DA:14,0
DA:15,0
DA:17,0
DA:21,0
DA:22,0
DA:24,0
DA:25,0
DA:27,0
DA:28,0
DA:32,0
DA:45,0
DA:46,0
DA:50,0
LF:15
LH:2
BRDA:20,0,0,0
BRDA:21,1,0,0
BRDA:21,1,1,0
BRDA:33,2,0,0
BRDA:33,2,1,0
BRDA:32,3,0,0
BRDA:32,3,1,0
BRDA:40,4,0,0
BRDA:45,5,0,0
BRDA:45,5,1,0
BRDA:45,6,0,0
BRDA:45,6,1,0
BRDA:45,6,2,0
BRDA:45,6,3,0
BRF:14
BRH:0
end_of_record
TN:
SF:libs/cdk/src/lib/zone-less/rxjs/scheduler/queue/QueueScheduler.ts
FNF:0
FNH:0
DA:2,1
DA:4,1
LF:2
LH:2
BRF:0
BRH:0
end_of_record
TN:
SF:libs/cdk/src/lib/zone-less/rxjs/scheduler/queue/queue.ts
FNF:0
FNH:0
DA:2,1
DA:3,1
DA:69,1
LF:3
LH:3
BRF:0
BRH:0
end_of_record
